<?xml version="1.0" encoding="UTF-8"?>
<testng-results skipped="0" failed="0" ignored="0" total="3" passed="3">
  <reporter-output>
  </reporter-output>
  <suite name="Default suite" duration-ms="2366" started-at="2019-05-31T10:00:52Z" finished-at="2019-05-31T10:00:55Z">
    <groups>
    </groups>
    <test name="Default test" duration-ms="2366" started-at="2019-05-31T10:00:52Z" finished-at="2019-05-31T10:00:55Z">
      <class name="com.qa.he.tests.HomePageTest">
        <test-method status="PASS" signature="setup()[pri:0, instance:com.qa.he.tests.HomePageTest@66a3ffec]" name="setup" is-config="true" duration-ms="20152" started-at="2019-05-31T10:00:32Z" finished-at="2019-05-31T10:00:52Z">
          <reporter-output>
          </reporter-output>
        </test-method> <!-- setup -->
        <test-method status="PASS" signature="clickprofilrlink()[pri:0, instance:com.qa.he.tests.HomePageTest@66a3ffec]" name="clickprofilrlink" duration-ms="1265" started-at="2019-05-31T10:00:52Z" finished-at="2019-05-31T10:00:54Z">
          <reporter-output>
          </reporter-output>
        </test-method> <!-- clickprofilrlink -->
        <test-method status="PASS" signature="edit()[pri:0, instance:com.qa.he.tests.HomePageTest@66a3ffec]" name="edit" duration-ms="1053" started-at="2019-05-31T10:00:54Z" finished-at="2019-05-31T10:00:55Z">
          <reporter-output>
          </reporter-output>
        </test-method> <!-- edit -->
        <test-method status="PASS" signature="verifiPageTitle()[pri:0, instance:com.qa.he.tests.HomePageTest@66a3ffec]" name="verifiPageTitle" duration-ms="15" started-at="2019-05-31T10:00:55Z" finished-at="2019-05-31T10:00:55Z">
          <reporter-output>
          </reporter-output>
        </test-method> <!-- verifiPageTitle -->
      </class> <!-- com.qa.he.tests.HomePageTest -->
    </test> <!-- Default test -->
  </suite> <!-- Default suite -->
</testng-results>
