<?xml version="1.0" encoding="UTF-8"?>
<!-- Generated by org.testng.reporters.JUnitXMLReporter -->
<testsuite hostname="DESKTOP-8JAPF7M" ignored="0" name="Default test" tests="3" failures="0" timestamp="31 May 2019 10:00:55 GMT" time="2.366" errors="0">
  <testcase name="clickprofilrlink" time="1.265" classname="com.qa.he.tests.HomePageTest"/>
  <testcase name="edit" time="1.053" classname="com.qa.he.tests.HomePageTest"/>
  <testcase name="verifiPageTitle" time="0.015" classname="com.qa.he.tests.HomePageTest"/>
</testsuite> <!-- Default test -->
